C:\Program Files (x86)\MSBuild\Microsoft.Cpp\v4.0\V140\Microsoft.CppBuild.targets(368,5): warning MSB8004: Output Directory does not end with a trailing slash.  This build instance will add the slash as it is required to allow proper evaluation of the Output Directory.
  pickle_encoding.c
  outbound_group_session.c
  megolm.c
  inbound_group_session.c
  error.c
  verify.c
  sign.c
  sha512.c
  seed.c
  sc.c
  key_exchange.c
  keypair.c
  ge.c
  fe.c
c:\users\nguyen phong\documents\visual studio 2015\projects\olmlib\olmlib\ed25519\src\fe.c(825): warning C4244: '=': conversion from 'int64_t' to 'int32_t', possible loss of data
c:\users\nguyen phong\documents\visual studio 2015\projects\olmlib\olmlib\ed25519\src\fe.c(826): warning C4244: '=': conversion from 'int64_t' to 'int32_t', possible loss of data
c:\users\nguyen phong\documents\visual studio 2015\projects\olmlib\olmlib\ed25519\src\fe.c(827): warning C4244: '=': conversion from 'int64_t' to 'int32_t', possible loss of data
c:\users\nguyen phong\documents\visual studio 2015\projects\olmlib\olmlib\ed25519\src\fe.c(828): warning C4244: '=': conversion from 'int64_t' to 'int32_t', possible loss of data
c:\users\nguyen phong\documents\visual studio 2015\projects\olmlib\olmlib\ed25519\src\fe.c(829): warning C4244: '=': conversion from 'int64_t' to 'int32_t', possible loss of data
c:\users\nguyen phong\documents\visual studio 2015\projects\olmlib\olmlib\ed25519\src\fe.c(830): warning C4244: '=': conversion from 'int64_t' to 'int32_t', possible loss of data
c:\users\nguyen phong\documents\visual studio 2015\projects\olmlib\olmlib\ed25519\src\fe.c(831): warning C4244: '=': conversion from 'int64_t' to 'int32_t', possible loss of data
c:\users\nguyen phong\documents\visual studio 2015\projects\olmlib\olmlib\ed25519\src\fe.c(832): warning C4244: '=': conversion from 'int64_t' to 'int32_t', possible loss of data
c:\users\nguyen phong\documents\visual studio 2015\projects\olmlib\olmlib\ed25519\src\fe.c(833): warning C4244: '=': conversion from 'int64_t' to 'int32_t', possible loss of data
c:\users\nguyen phong\documents\visual studio 2015\projects\olmlib\olmlib\ed25519\src\fe.c(834): warning C4244: '=': conversion from 'int64_t' to 'int32_t', possible loss of data
  add_scalar.c
  curve25519-donna.c
c:\users\nguyen phong\documents\visual studio 2015\projects\olmlib\olmlib\curve25519-donna.c(480): warning C4244: '=': conversion from 'limb' to 's32', possible loss of data
  sha256.c
c:\users\nguyen phong\documents\visual studio 2015\projects\olmlib\olmlib\crypto-algorithms\sha256.c(137): warning C4244: '=': conversion from 'unsigned __int64' to 'BYTE', possible loss of data
c:\users\nguyen phong\documents\visual studio 2015\projects\olmlib\olmlib\crypto-algorithms\sha256.c(138): warning C4244: '=': conversion from 'unsigned __int64' to 'BYTE', possible loss of data
c:\users\nguyen phong\documents\visual studio 2015\projects\olmlib\olmlib\crypto-algorithms\sha256.c(139): warning C4244: '=': conversion from 'unsigned __int64' to 'BYTE', possible loss of data
c:\users\nguyen phong\documents\visual studio 2015\projects\olmlib\olmlib\crypto-algorithms\sha256.c(140): warning C4244: '=': conversion from 'unsigned __int64' to 'BYTE', possible loss of data
c:\users\nguyen phong\documents\visual studio 2015\projects\olmlib\olmlib\crypto-algorithms\sha256.c(141): warning C4244: '=': conversion from 'unsigned __int64' to 'BYTE', possible loss of data
c:\users\nguyen phong\documents\visual studio 2015\projects\olmlib\olmlib\crypto-algorithms\sha256.c(142): warning C4244: '=': conversion from 'unsigned __int64' to 'BYTE', possible loss of data
c:\users\nguyen phong\documents\visual studio 2015\projects\olmlib\olmlib\crypto-algorithms\sha256.c(143): warning C4244: '=': conversion from 'unsigned __int64' to 'BYTE', possible loss of data
  sha1.c
c:\users\nguyen phong\documents\visual studio 2015\projects\olmlib\olmlib\crypto-algorithms\sha1.c(130): warning C4244: '=': conversion from 'unsigned __int64' to 'BYTE', possible loss of data
c:\users\nguyen phong\documents\visual studio 2015\projects\olmlib\olmlib\crypto-algorithms\sha1.c(131): warning C4244: '=': conversion from 'unsigned __int64' to 'BYTE', possible loss of data
c:\users\nguyen phong\documents\visual studio 2015\projects\olmlib\olmlib\crypto-algorithms\sha1.c(132): warning C4244: '=': conversion from 'unsigned __int64' to 'BYTE', possible loss of data
c:\users\nguyen phong\documents\visual studio 2015\projects\olmlib\olmlib\crypto-algorithms\sha1.c(133): warning C4244: '=': conversion from 'unsigned __int64' to 'BYTE', possible loss of data
c:\users\nguyen phong\documents\visual studio 2015\projects\olmlib\olmlib\crypto-algorithms\sha1.c(134): warning C4244: '=': conversion from 'unsigned __int64' to 'BYTE', possible loss of data
c:\users\nguyen phong\documents\visual studio 2015\projects\olmlib\olmlib\crypto-algorithms\sha1.c(135): warning C4244: '=': conversion from 'unsigned __int64' to 'BYTE', possible loss of data
c:\users\nguyen phong\documents\visual studio 2015\projects\olmlib\olmlib\crypto-algorithms\sha1.c(136): warning C4244: '=': conversion from 'unsigned __int64' to 'BYTE', possible loss of data
  rot-13.c
  md5.c
c:\users\nguyen phong\documents\visual studio 2015\projects\olmlib\olmlib\crypto-algorithms\md5.c(171): warning C4244: '=': conversion from 'unsigned __int64' to 'BYTE', possible loss of data
c:\users\nguyen phong\documents\visual studio 2015\projects\olmlib\olmlib\crypto-algorithms\md5.c(172): warning C4244: '=': conversion from 'unsigned __int64' to 'BYTE', possible loss of data
c:\users\nguyen phong\documents\visual studio 2015\projects\olmlib\olmlib\crypto-algorithms\md5.c(173): warning C4244: '=': conversion from 'unsigned __int64' to 'BYTE', possible loss of data
c:\users\nguyen phong\documents\visual studio 2015\projects\olmlib\olmlib\crypto-algorithms\md5.c(174): warning C4244: '=': conversion from 'unsigned __int64' to 'BYTE', possible loss of data
c:\users\nguyen phong\documents\visual studio 2015\projects\olmlib\olmlib\crypto-algorithms\md5.c(175): warning C4244: '=': conversion from 'unsigned __int64' to 'BYTE', possible loss of data
c:\users\nguyen phong\documents\visual studio 2015\projects\olmlib\olmlib\crypto-algorithms\md5.c(176): warning C4244: '=': conversion from 'unsigned __int64' to 'BYTE', possible loss of data
c:\users\nguyen phong\documents\visual studio 2015\projects\olmlib\olmlib\crypto-algorithms\md5.c(177): warning C4244: '=': conversion from 'unsigned __int64' to 'BYTE', possible loss of data
  Generating Code...
  Compiling...
  md2.c
  des.c
  blowfish.c
  base64.c
c:\users\nguyen phong\documents\visual studio 2015\projects\olmlib\olmlib\crypto-algorithms\base64.c(90): warning C4101: 'ch': unreferenced local variable
  arcfour.c
  aes.c
  Generating Code...
  utility.cpp
  session.cpp
c:\users\nguyen phong\documents\visual studio 2015\projects\olmlib\olmlib\src\session.cpp(130): warning C4800: 'const _olm_curve25519_public_key *': forcing value to bool 'true' or 'false' (performance warning)
c:\users\nguyen phong\documents\visual studio 2015\projects\olmlib\olmlib\src\session.cpp(224): warning C4800: 'const _olm_curve25519_public_key *': forcing value to bool 'true' or 'false' (performance warning)
  ratchet.cpp
  pickle.cpp
c:\users\nguyen phong\documents\visual studio 2015\projects\olmlib\olmlib\src\pickle.cpp(51): warning C4800: 'const uint8_t': forcing value to bool 'true' or 'false' (performance warning)
c:\users\nguyen phong\documents\visual studio 2015\projects\olmlib\olmlib\src\pickle.cpp(224): warning C4800: 'int': forcing value to bool 'true' or 'false' (performance warning)
  olm.cpp
  message.cpp
  memory.cpp
  crypto.cpp
  cipher.cpp
  base64.cpp
  account.cpp
  Generating Code...
Debug\base64.obj : warning LNK4042: object specified more than once; extras ignored
     Creating library ..\Test\bin\Debug\Olmlib.lib and object ..\Test\bin\Debug\Olmlib.exp
  Olmlib.vcxproj -> C:\Users\Nguyen Phong\Documents\Visual Studio 2015\Projects\OlmLib\Olmlib\..\Test\bin\Debug\Olmlib.dll
  Olmlib.vcxproj -> ..\Test\bin\Debug\Olmlib.pdb (Full PDB)
