c:\users\nguyen phong\documents\visual studio 2015\projects\olmlib\olmlib\debug\vc140.pdb
c:\users\nguyen phong\documents\visual studio 2015\projects\olmlib\olmlib\debug\vc140.idb
c:\users\nguyen phong\documents\visual studio 2015\projects\olmlib\olmlib\debug\md5.obj
c:\users\nguyen phong\documents\visual studio 2015\projects\olmlib\olmlib\debug\rot-13.obj
c:\users\nguyen phong\documents\visual studio 2015\projects\olmlib\olmlib\debug\sha1.obj
c:\users\nguyen phong\documents\visual studio 2015\projects\olmlib\olmlib\debug\sha256.obj
c:\users\nguyen phong\documents\visual studio 2015\projects\olmlib\olmlib\debug\curve25519-donna.obj
c:\users\nguyen phong\documents\visual studio 2015\projects\olmlib\olmlib\debug\add_scalar.obj
c:\users\nguyen phong\documents\visual studio 2015\projects\olmlib\olmlib\debug\fe.obj
c:\users\nguyen phong\documents\visual studio 2015\projects\olmlib\olmlib\debug\ge.obj
c:\users\nguyen phong\documents\visual studio 2015\projects\olmlib\olmlib\debug\keypair.obj
c:\users\nguyen phong\documents\visual studio 2015\projects\olmlib\olmlib\debug\key_exchange.obj
c:\users\nguyen phong\documents\visual studio 2015\projects\olmlib\olmlib\debug\sc.obj
c:\users\nguyen phong\documents\visual studio 2015\projects\olmlib\olmlib\debug\seed.obj
c:\users\nguyen phong\documents\visual studio 2015\projects\olmlib\olmlib\debug\sha512.obj
c:\users\nguyen phong\documents\visual studio 2015\projects\olmlib\olmlib\debug\sign.obj
c:\users\nguyen phong\documents\visual studio 2015\projects\olmlib\olmlib\debug\verify.obj
c:\users\nguyen phong\documents\visual studio 2015\projects\olmlib\olmlib\debug\error.obj
c:\users\nguyen phong\documents\visual studio 2015\projects\olmlib\olmlib\debug\inbound_group_session.obj
c:\users\nguyen phong\documents\visual studio 2015\projects\olmlib\olmlib\debug\megolm.obj
c:\users\nguyen phong\documents\visual studio 2015\projects\olmlib\olmlib\debug\outbound_group_session.obj
c:\users\nguyen phong\documents\visual studio 2015\projects\olmlib\olmlib\debug\pickle_encoding.obj
c:\users\nguyen phong\documents\visual studio 2015\projects\olmlib\olmlib\debug\aes.obj
c:\users\nguyen phong\documents\visual studio 2015\projects\olmlib\olmlib\debug\arcfour.obj
c:\users\nguyen phong\documents\visual studio 2015\projects\olmlib\olmlib\debug\base64.obj
c:\users\nguyen phong\documents\visual studio 2015\projects\olmlib\olmlib\debug\blowfish.obj
c:\users\nguyen phong\documents\visual studio 2015\projects\olmlib\olmlib\debug\des.obj
c:\users\nguyen phong\documents\visual studio 2015\projects\olmlib\olmlib\debug\md2.obj
c:\users\nguyen phong\documents\visual studio 2015\projects\olmlib\olmlib\debug\account.obj
c:\users\nguyen phong\documents\visual studio 2015\projects\olmlib\olmlib\debug\cipher.obj
c:\users\nguyen phong\documents\visual studio 2015\projects\olmlib\olmlib\debug\crypto.obj
c:\users\nguyen phong\documents\visual studio 2015\projects\olmlib\olmlib\debug\memory.obj
c:\users\nguyen phong\documents\visual studio 2015\projects\olmlib\olmlib\debug\message.obj
c:\users\nguyen phong\documents\visual studio 2015\projects\olmlib\olmlib\debug\olm.obj
c:\users\nguyen phong\documents\visual studio 2015\projects\olmlib\olmlib\debug\pickle.obj
c:\users\nguyen phong\documents\visual studio 2015\projects\olmlib\olmlib\debug\ratchet.obj
c:\users\nguyen phong\documents\visual studio 2015\projects\olmlib\olmlib\debug\session.obj
c:\users\nguyen phong\documents\visual studio 2015\projects\olmlib\olmlib\debug\utility.obj
c:\users\nguyen phong\documents\visual studio 2015\projects\olmlib\exampleclient\bin\debug\olmlib.ilk
c:\users\nguyen phong\documents\visual studio 2015\projects\olmlib\exampleclient\bin\debug\olmlib.dll
c:\users\nguyen phong\documents\visual studio 2015\projects\olmlib\exampleclient\bin\debug\olmlib.pdb
c:\users\nguyen phong\documents\visual studio 2015\projects\olmlib\exampleclient\bin\debug\olmlib.lib
c:\users\nguyen phong\documents\visual studio 2015\projects\olmlib\exampleclient\bin\debug\olmlib.exp
c:\users\nguyen phong\documents\visual studio 2015\projects\olmlib\olmlib\debug\olmlib.tlog\cl.command.1.tlog
c:\users\nguyen phong\documents\visual studio 2015\projects\olmlib\olmlib\debug\olmlib.tlog\cl.read.1.tlog
c:\users\nguyen phong\documents\visual studio 2015\projects\olmlib\olmlib\debug\olmlib.tlog\cl.write.1.tlog
c:\users\nguyen phong\documents\visual studio 2015\projects\olmlib\olmlib\debug\olmlib.tlog\link.command.1.tlog
c:\users\nguyen phong\documents\visual studio 2015\projects\olmlib\olmlib\debug\olmlib.tlog\link.read.1.tlog
c:\users\nguyen phong\documents\visual studio 2015\projects\olmlib\olmlib\debug\olmlib.tlog\link.write.1.tlog
c:\users\nguyen phong\documents\visual studio 2015\projects\olmlib\olmlib\debug\olmlib.tlog\olmlib.write.1u.tlog
