c:\users\nguyen phong\documents\visual studio 2015\projects\matrix-dotnet-sdk\matrixsdk\olmlib\release\vc140.pdb
c:\users\nguyen phong\documents\visual studio 2015\projects\matrix-dotnet-sdk\matrixsdk\olmlib\release\sign.obj
c:\users\nguyen phong\documents\visual studio 2015\projects\matrix-dotnet-sdk\matrixsdk\olmlib\release\sha512.obj
c:\users\nguyen phong\documents\visual studio 2015\projects\matrix-dotnet-sdk\matrixsdk\olmlib\release\seed.obj
c:\users\nguyen phong\documents\visual studio 2015\projects\matrix-dotnet-sdk\matrixsdk\olmlib\release\sc.obj
c:\users\nguyen phong\documents\visual studio 2015\projects\matrix-dotnet-sdk\matrixsdk\olmlib\release\key_exchange.obj
c:\users\nguyen phong\documents\visual studio 2015\projects\matrix-dotnet-sdk\matrixsdk\olmlib\release\keypair.obj
c:\users\nguyen phong\documents\visual studio 2015\projects\matrix-dotnet-sdk\matrixsdk\olmlib\release\ge.obj
c:\users\nguyen phong\documents\visual studio 2015\projects\matrix-dotnet-sdk\matrixsdk\olmlib\release\fe.obj
c:\users\nguyen phong\documents\visual studio 2015\projects\matrix-dotnet-sdk\matrixsdk\olmlib\release\add_scalar.obj
c:\users\nguyen phong\documents\visual studio 2015\projects\matrix-dotnet-sdk\matrixsdk\olmlib\release\curve25519-donna.obj
c:\users\nguyen phong\documents\visual studio 2015\projects\matrix-dotnet-sdk\matrixsdk\olmlib\release\sha256.obj
c:\users\nguyen phong\documents\visual studio 2015\projects\matrix-dotnet-sdk\matrixsdk\olmlib\release\sha1.obj
c:\users\nguyen phong\documents\visual studio 2015\projects\matrix-dotnet-sdk\matrixsdk\olmlib\release\rot-13.obj
c:\users\nguyen phong\documents\visual studio 2015\projects\matrix-dotnet-sdk\matrixsdk\olmlib\release\md5.obj
c:\users\nguyen phong\documents\visual studio 2015\projects\matrix-dotnet-sdk\matrixsdk\olmlib\release\md2.obj
c:\users\nguyen phong\documents\visual studio 2015\projects\matrix-dotnet-sdk\matrixsdk\olmlib\release\des.obj
c:\users\nguyen phong\documents\visual studio 2015\projects\matrix-dotnet-sdk\matrixsdk\olmlib\release\blowfish.obj
c:\users\nguyen phong\documents\visual studio 2015\projects\matrix-dotnet-sdk\matrixsdk\olmlib\release\base64.obj
c:\users\nguyen phong\documents\visual studio 2015\projects\matrix-dotnet-sdk\matrixsdk\olmlib\release\arcfour.obj
c:\users\nguyen phong\documents\visual studio 2015\projects\matrix-dotnet-sdk\matrixsdk\olmlib\release\aes.obj
c:\users\nguyen phong\documents\visual studio 2015\projects\matrix-dotnet-sdk\matrixsdk\olmlib\release\pickle_encoding.obj
c:\users\nguyen phong\documents\visual studio 2015\projects\matrix-dotnet-sdk\matrixsdk\olmlib\release\outbound_group_session.obj
c:\users\nguyen phong\documents\visual studio 2015\projects\matrix-dotnet-sdk\matrixsdk\olmlib\release\megolm.obj
c:\users\nguyen phong\documents\visual studio 2015\projects\matrix-dotnet-sdk\matrixsdk\olmlib\release\inbound_group_session.obj
c:\users\nguyen phong\documents\visual studio 2015\projects\matrix-dotnet-sdk\matrixsdk\olmlib\release\error.obj
c:\users\nguyen phong\documents\visual studio 2015\projects\matrix-dotnet-sdk\matrixsdk\olmlib\release\verify.obj
c:\users\nguyen phong\documents\visual studio 2015\projects\matrix-dotnet-sdk\matrixsdk\olmlib\release\utility.obj
c:\users\nguyen phong\documents\visual studio 2015\projects\matrix-dotnet-sdk\matrixsdk\olmlib\release\session.obj
c:\users\nguyen phong\documents\visual studio 2015\projects\matrix-dotnet-sdk\matrixsdk\olmlib\release\ratchet.obj
c:\users\nguyen phong\documents\visual studio 2015\projects\matrix-dotnet-sdk\matrixsdk\olmlib\release\pickle.obj
c:\users\nguyen phong\documents\visual studio 2015\projects\matrix-dotnet-sdk\matrixsdk\olmlib\release\olm.obj
c:\users\nguyen phong\documents\visual studio 2015\projects\matrix-dotnet-sdk\matrixsdk\olmlib\release\message.obj
c:\users\nguyen phong\documents\visual studio 2015\projects\matrix-dotnet-sdk\matrixsdk\olmlib\release\memory.obj
c:\users\nguyen phong\documents\visual studio 2015\projects\matrix-dotnet-sdk\matrixsdk\olmlib\release\crypto.obj
c:\users\nguyen phong\documents\visual studio 2015\projects\matrix-dotnet-sdk\matrixsdk\olmlib\release\cipher.obj
c:\users\nguyen phong\documents\visual studio 2015\projects\matrix-dotnet-sdk\matrixsdk\olmlib\release\account.obj
c:\users\nguyen phong\documents\visual studio 2015\projects\matrix-dotnet-sdk\matrixsdk\release\olmlib.dll
c:\users\nguyen phong\documents\visual studio 2015\projects\matrix-dotnet-sdk\matrixsdk\release\olmlib.ipdb
c:\users\nguyen phong\documents\visual studio 2015\projects\matrix-dotnet-sdk\matrixsdk\release\olmlib.iobj
c:\users\nguyen phong\documents\visual studio 2015\projects\matrix-dotnet-sdk\matrixsdk\release\olmlib.pdb
c:\users\nguyen phong\documents\visual studio 2015\projects\matrix-dotnet-sdk\matrixsdk\release\olmlib.lib
c:\users\nguyen phong\documents\visual studio 2015\projects\matrix-dotnet-sdk\matrixsdk\release\olmlib.exp
c:\users\nguyen phong\documents\visual studio 2015\projects\olmlib\olmlib\release\account.obj
c:\users\nguyen phong\documents\visual studio 2015\projects\olmlib\olmlib\release\add_scalar.obj
c:\users\nguyen phong\documents\visual studio 2015\projects\olmlib\olmlib\release\aes.obj
c:\users\nguyen phong\documents\visual studio 2015\projects\olmlib\olmlib\release\arcfour.obj
c:\users\nguyen phong\documents\visual studio 2015\projects\olmlib\olmlib\release\base64.obj
c:\users\nguyen phong\documents\visual studio 2015\projects\olmlib\olmlib\release\blowfish.obj
c:\users\nguyen phong\documents\visual studio 2015\projects\olmlib\olmlib\release\cipher.obj
c:\users\nguyen phong\documents\visual studio 2015\projects\olmlib\olmlib\release\crypto.obj
c:\users\nguyen phong\documents\visual studio 2015\projects\olmlib\olmlib\release\curve25519-donna.obj
c:\users\nguyen phong\documents\visual studio 2015\projects\olmlib\olmlib\release\des.obj
c:\users\nguyen phong\documents\visual studio 2015\projects\olmlib\olmlib\release\error.obj
c:\users\nguyen phong\documents\visual studio 2015\projects\olmlib\olmlib\release\fe.obj
c:\users\nguyen phong\documents\visual studio 2015\projects\olmlib\olmlib\release\ge.obj
c:\users\nguyen phong\documents\visual studio 2015\projects\olmlib\olmlib\release\inbound_group_session.obj
c:\users\nguyen phong\documents\visual studio 2015\projects\olmlib\olmlib\release\keypair.obj
c:\users\nguyen phong\documents\visual studio 2015\projects\olmlib\olmlib\release\key_exchange.obj
c:\users\nguyen phong\documents\visual studio 2015\projects\olmlib\olmlib\release\md2.obj
c:\users\nguyen phong\documents\visual studio 2015\projects\olmlib\olmlib\release\md5.obj
c:\users\nguyen phong\documents\visual studio 2015\projects\olmlib\olmlib\release\megolm.obj
c:\users\nguyen phong\documents\visual studio 2015\projects\olmlib\olmlib\release\memory.obj
c:\users\nguyen phong\documents\visual studio 2015\projects\olmlib\olmlib\release\message.obj
c:\users\nguyen phong\documents\visual studio 2015\projects\olmlib\olmlib\release\olm.obj
c:\users\nguyen phong\documents\visual studio 2015\projects\olmlib\olmlib\release\outbound_group_session.obj
c:\users\nguyen phong\documents\visual studio 2015\projects\olmlib\olmlib\release\pickle.obj
c:\users\nguyen phong\documents\visual studio 2015\projects\olmlib\olmlib\release\pickle_encoding.obj
c:\users\nguyen phong\documents\visual studio 2015\projects\olmlib\olmlib\release\ratchet.obj
c:\users\nguyen phong\documents\visual studio 2015\projects\olmlib\olmlib\release\rot-13.obj
c:\users\nguyen phong\documents\visual studio 2015\projects\olmlib\olmlib\release\sc.obj
c:\users\nguyen phong\documents\visual studio 2015\projects\olmlib\olmlib\release\seed.obj
c:\users\nguyen phong\documents\visual studio 2015\projects\olmlib\olmlib\release\session.obj
c:\users\nguyen phong\documents\visual studio 2015\projects\olmlib\olmlib\release\sha1.obj
c:\users\nguyen phong\documents\visual studio 2015\projects\olmlib\olmlib\release\sha256.obj
c:\users\nguyen phong\documents\visual studio 2015\projects\olmlib\olmlib\release\sha512.obj
c:\users\nguyen phong\documents\visual studio 2015\projects\olmlib\olmlib\release\sign.obj
c:\users\nguyen phong\documents\visual studio 2015\projects\olmlib\olmlib\release\utility.obj
c:\users\nguyen phong\documents\visual studio 2015\projects\olmlib\olmlib\release\verify.obj
c:\users\nguyen phong\documents\visual studio 2015\projects\olmlib\olmlib\release\vc140.pdb
c:\users\nguyen phong\documents\visual studio 2015\projects\olmlib\olmlib\release\olmlib.tlog\cl.command.1.tlog
c:\users\nguyen phong\documents\visual studio 2015\projects\olmlib\olmlib\release\olmlib.tlog\cl.read.1.tlog
c:\users\nguyen phong\documents\visual studio 2015\projects\olmlib\olmlib\release\olmlib.tlog\cl.write.1.tlog
c:\users\nguyen phong\documents\visual studio 2015\projects\olmlib\olmlib\release\olmlib.tlog\link.command.1.tlog
c:\users\nguyen phong\documents\visual studio 2015\projects\olmlib\olmlib\release\olmlib.tlog\link.read.1.tlog
c:\users\nguyen phong\documents\visual studio 2015\projects\olmlib\olmlib\release\olmlib.tlog\link.write.1.tlog
c:\users\nguyen phong\documents\visual studio 2015\projects\olmlib\olmlib\release\olmlib.tlog\olmlib.write.1u.tlog
